Expression	Value	Location	Type	
bit	7046	0x00009E	uint16_t	
T	<array>	0x000010	uint16_t[50]	
[0]	596	0x000010	uint16_t	
[1]	599	0x000012	uint16_t	
[2]	597	0x000014	uint16_t	
[3]	597	0x000016	uint16_t	
[4]	1691	0x000018	uint16_t	
[5]	1693	0x00001A	uint16_t	
[6]	599	0x00001C	uint16_t	
[7]	1701	0x00001E	uint16_t	
[8]	1691	0x000020	uint16_t	
[9]	1692	0x000022	uint16_t	
[10]	600	0x000024	uint16_t	
[11]	605	0x000026	uint16_t	
[12]	607	0x000028	uint16_t	
[13]	599	0x00002A	uint16_t	
[14]	1691	0x00002C	uint16_t	
[15]	1693	0x00002E	uint16_t	
[16]	40491	0x000030	uint16_t	
[17]	29396	0x000032	uint16_t	
[18]	0	0x000034	uint16_t	
[19]	0	0x000036	uint16_t	
[20]	0	0x000038	uint16_t	
[21]	0	0x00003A	uint16_t	
[22]	0	0x00003C	uint16_t	
[23]	0	0x00003E	uint16_t	
[24]	0	0x000040	uint16_t	
[25]	0	0x000042	uint16_t	
[26]	0	0x000044	uint16_t	
[27]	0	0x000046	uint16_t	
[28]	0	0x000048	uint16_t	
[29]	0	0x00004A	uint16_t	
[30]	0	0x00004C	uint16_t	
[31]	0	0x00004E	uint16_t	
[32]	0	0x000050	uint16_t	
[33]	0	0x000052	uint16_t	
[34]	0	0x000054	uint16_t	
[35]	0	0x000056	uint16_t	
[36]	0	0x000058	uint16_t	
[37]	0	0x00005A	uint16_t	
[38]	0	0x00005C	uint16_t	
[39]	0	0x00005E	uint16_t	
[40]	0	0x000060	uint16_t	
[41]	0	0x000062	uint16_t	
[42]	0	0x000064	uint16_t	
[43]	0	0x000066	uint16_t	
[44]	0	0x000068	uint16_t	
[45]	0	0x00006A	uint16_t	
[46]	0	0x00006C	uint16_t	
[47]	0	0x00006E	uint16_t	
[48]	0	0x000070	uint16_t	
[49]	0	0x000072	uint16_t	
